<?xml version="1.0" encoding="UTF-8"?>
<testsuite xmlns:xsi="http://www.w3.org/2001/XMLSchema-instance" xsi:noNamespaceSchemaLocation="https://maven.apache.org/surefire/maven-surefire-plugin/xsd/surefire-test-report-3.0.xsd" version="3.0" name="tn.esprit.discovery.DiscoveryApplicationTests" time="7.221" tests="1" errors="0" skipped="0" failures="0">
  <properties>
[...]
</properties>
  <testcase name="contextLoads" classname="tn.esprit.discovery.DiscoveryApplicationTests" time="1.04">
    <system-out><![CDATA[Standard Commons Logging discovery in action with spring-jcl: please remove commons-logging.jar from classpath in order to avoid potential conflicts
15:36:10.371 [main] INFO org.springframework.test.context.support.AnnotationConfigContextLoaderUtils -- Could not detect default configuration classes for test class [tn.esprit.discovery.DiscoveryApplicationTests]: DiscoveryApplicationTests does not declare any static, non-private, non-final, nested classes annotated with @Configuration.
15:36:10.500 [main] INFO org.springframework.boot.test.context.SpringBootTestContextBootstrapper -- Found @SpringBootConfiguration tn.esprit.discovery.DiscoveryApplication for test class tn.esprit.discovery.DiscoveryApplicationTests

  .   ____          _            __ _ _
 /\\ / ___'_ __ _ _(_)_ __  __ _ \ \ \ \
( ( )\___ | '_ | '_| | '_ \/ _` | \ \ \ \
 \\/  ___)| |_)| | | | | || (_| |  ) ) ) )
  '  |____| .__|_| |_|_| |_\__, | / / / /
 =========|_|==============|___/=/_/_/_/

 :: Spring Boot ::                (v3.3.4)

2024-11-07T15:36:11.317+01:00  INFO 18032 --- [Discovery] [           main] t.e.discovery.DiscoveryApplicationTests  : Starting DiscoveryApplicationTests using Java 19.0.2 with PID 18032 (started by dell in D:\5SAE4\web destr\project\Web\Discovery)
2024-11-07T15:36:11.319+01:00  INFO 18032 --- [Discovery] [           main] t.e.discovery.DiscoveryApplicationTests  : No active profile set, falling back to 1 default profile: "default"
2024-11-07T15:36:12.856+01:00  INFO 18032 --- [Discovery] [           main] o.s.cloud.context.scope.GenericScope     : BeanFactory id=e3b7d5b2-cec6-3538-adce-2086e8485f02
2024-11-07T15:36:12.989+01:00  WARN 18032 --- [Discovery] [           main] trationDelegate$BeanPostProcessorChecker : Bean 'org.springframework.cloud.client.loadbalancer.LoadBalancerAutoConfiguration$DeferringLoadBalancerInterceptorConfig' of type [org.springframework.cloud.client.loadbalancer.LoadBalancerAutoConfiguration$DeferringLoadBalancerInterceptorConfig] is not eligible for getting processed by all BeanPostProcessors (for example: not eligible for auto-proxying). The currently created BeanPostProcessor [lbRestClientPostProcessor] is declared through a non-static factory method on that class; consider declaring it as static instead.
2024-11-07T15:36:12.993+01:00  WARN 18032 --- [Discovery] [           main] trationDelegate$BeanPostProcessorChecker : Bean 'deferringLoadBalancerInterceptor' of type [org.springframework.cloud.client.loadbalancer.DeferringLoadBalancerInterceptor] is not eligible for getting processed by all BeanPostProcessors (for example: not eligible for auto-proxying). Is this bean getting eagerly injected into a currently created BeanPostProcessor [lbRestClientPostProcessor]? Check the corresponding BeanPostProcessor declaration and its dependencies.
2024-11-07T15:36:15.111+01:00  WARN 18032 --- [Discovery] [           main] iguration$LoadBalancerCaffeineWarnLogger : Spring Cloud LoadBalancer is currently working with the default cache. While this cache implementation is useful for development and tests, it's recommended to use Caffeine cache in production.You can switch to using Caffeine cache, by adding it and org.springframework.cache.caffeine.CaffeineCacheManager to the classpath.
2024-11-07T15:36:15.420+01:00  INFO 18032 --- [Discovery] [           main] o.s.c.n.eureka.InstanceInfoFactory       : Setting initial instance status as: STARTING
2024-11-07T15:36:15.445+01:00  INFO 18032 --- [Discovery] [           main] com.netflix.discovery.DiscoveryClient    : Initializing Eureka in region us-east-1
2024-11-07T15:36:15.447+01:00  INFO 18032 --- [Discovery] [           main] com.netflix.discovery.DiscoveryClient    : Client configured to neither register nor query for data.
2024-11-07T15:36:15.449+01:00  INFO 18032 --- [Discovery] [           main] com.netflix.discovery.DiscoveryClient    : Discovery Client initialized at timestamp 1730990175448 with initial instances count: 0
2024-11-07T15:36:15.509+01:00  INFO 18032 --- [Discovery] [           main] c.n.eureka.DefaultEurekaServerContext    : Initializing ...
2024-11-07T15:36:15.511+01:00  INFO 18032 --- [Discovery] [           main] c.n.eureka.cluster.PeerEurekaNodes       : Adding new peer nodes [http://localhost:8761/eureka/]
2024-11-07T15:36:15.809+01:00  INFO 18032 --- [Discovery] [           main] c.n.d.provider.DiscoveryJerseyProvider   : Using JSON encoding codec LegacyJacksonJson
2024-11-07T15:36:15.810+01:00  INFO 18032 --- [Discovery] [           main] c.n.d.provider.DiscoveryJerseyProvider   : Using JSON decoding codec LegacyJacksonJson
2024-11-07T15:36:15.810+01:00  INFO 18032 --- [Discovery] [           main] c.n.d.provider.DiscoveryJerseyProvider   : Using XML encoding codec XStreamXml
2024-11-07T15:36:15.810+01:00  INFO 18032 --- [Discovery] [           main] c.n.d.provider.DiscoveryJerseyProvider   : Using XML decoding codec XStreamXml
2024-11-07T15:36:15.907+01:00  INFO 18032 --- [Discovery] [           main] c.n.eureka.cluster.PeerEurekaNodes       : Replica node URL:  http://localhost:8761/eureka/
2024-11-07T15:36:15.917+01:00  INFO 18032 --- [Discovery] [           main] c.n.e.registry.AbstractInstanceRegistry  : Finished initializing remote region registries. All known remote regions: []
2024-11-07T15:36:15.917+01:00  INFO 18032 --- [Discovery] [           main] c.n.eureka.DefaultEurekaServerContext    : Initialized
2024-11-07T15:36:16.072+01:00  INFO 18032 --- [Discovery] [           main] o.s.b.a.e.web.EndpointLinksResolver      : Exposing 1 endpoint beneath base path '/actuator'
2024-11-07T15:36:16.147+01:00  INFO 18032 --- [Discovery] [           main] o.s.c.n.e.s.EurekaServiceRegistry        : Registering application DISCOVERY with eureka with status UP
2024-11-07T15:36:16.162+01:00  INFO 18032 --- [Discovery] [      Thread-10] o.s.c.n.e.server.EurekaServerBootstrap   : isAws returned false
2024-11-07T15:36:16.162+01:00  INFO 18032 --- [Discovery] [      Thread-10] o.s.c.n.e.server.EurekaServerBootstrap   : Initialized server context
2024-11-07T15:36:16.162+01:00  INFO 18032 --- [Discovery] [      Thread-10] c.n.e.r.PeerAwareInstanceRegistryImpl    : Got 1 instances from neighboring DS node
2024-11-07T15:36:16.163+01:00  INFO 18032 --- [Discovery] [      Thread-10] c.n.e.r.PeerAwareInstanceRegistryImpl    : Renew threshold is: 1
2024-11-07T15:36:16.163+01:00  INFO 18032 --- [Discovery] [      Thread-10] c.n.e.r.PeerAwareInstanceRegistryImpl    : Changing status to UP
2024-11-07T15:36:16.167+01:00  INFO 18032 --- [Discovery] [      Thread-10] e.s.EurekaServerInitializerConfiguration : Started Eureka Server
2024-11-07T15:36:16.168+01:00  INFO 18032 --- [Discovery] [           main] t.e.discovery.DiscoveryApplicationTests  : Started DiscoveryApplicationTests in 5.481 seconds (process running for 6.858)
]]></system-out>
  </testcase>
</testsuite>