-------------------------------------------------------------------------------
Test set: com.actia.apigateway.ApiGatewayApplicationTests
-------------------------------------------------------------------------------
Tests run: 1, Failures: 0, Errors: 1, Skipped: 0, Time elapsed: 0.335 s <<< FAILURE! - in com.actia.apigateway.ApiGatewayApplicationTests
com.actia.apigateway.ApiGatewayApplicationTests  Time elapsed: 0.334 s  <<< ERROR!
java.lang.IllegalStateException: Unable to find a @SpringBootConfiguration, you need to use @ContextConfiguration or @SpringBootTest(classes=...) with your test

